[2m2025-07-27T14:03:56.493283+09:00[0m [34mDEBUG[0m [2mblueline::repl::controller[0m[2m:[0m Loading profile 'default' from '~/bluenote.profile'
[2m2025-07-27T14:03:56.494773+09:00[0m [34mDEBUG[0m [2mblueline::repl::controller[0m[2m:[0m Profile loaded successfully, server: Some(Endpoint { host: "jptzkmspkbnes001", port: Some(9200), scheme: Some("https") })
[2m2025-07-27T14:03:57.309145+09:00[0m [34mDEBUG[0m [2mblueline::repl::controller[0m[2m:[0m Received key event: KeyEvent { code: Char('i'), modifiers: KeyModifiers(0x0), kind: Press, state: KeyEventState(0x0) }
[2m2025-07-27T14:03:57.309206+09:00[0m [34mDEBUG[0m [2mblueline::repl::commands[0m[2m:[0m Processing key event in registry: KeyEvent { code: Char('i'), modifiers: KeyModifiers(0x0), kind: Press, state: KeyEventState(0x0) }
[2m2025-07-27T14:03:57.309216+09:00[0m [34mDEBUG[0m [2mblueline::repl::commands[0m[2m:[0m Found relevant command: EnterInsertMode
[2m2025-07-27T14:03:57.309221+09:00[0m [34mDEBUG[0m [2mblueline::repl::controller[0m[2m:[0m Command events generated: [ModeChangeRequested { new_mode: Insert }]
[2m2025-07-27T14:03:57.538122+09:00[0m [34mDEBUG[0m [2mblueline::repl::controller[0m[2m:[0m Received key event: KeyEvent { code: Char('g'), modifiers: KeyModifiers(0x0), kind: Press, state: KeyEventState(0x0) }
[2m2025-07-27T14:03:57.538278+09:00[0m [34mDEBUG[0m [2mblueline::repl::commands[0m[2m:[0m Processing key event in registry: KeyEvent { code: Char('g'), modifiers: KeyModifiers(0x0), kind: Press, state: KeyEventState(0x0) }
[2m2025-07-27T14:03:57.538312+09:00[0m [34mDEBUG[0m [2mblueline::repl::commands[0m[2m:[0m Found relevant command: InsertChar
[2m2025-07-27T14:03:57.538334+09:00[0m [34mDEBUG[0m [2mblueline::repl::controller[0m[2m:[0m Command events generated: [TextInsertRequested { text: "g", position: LogicalPosition { line: 0, column: 0 } }]
[2m2025-07-27T14:03:57.684209+09:00[0m [34mDEBUG[0m [2mblueline::repl::controller[0m[2m:[0m Received key event: KeyEvent { code: Char('e'), modifiers: KeyModifiers(0x0), kind: Press, state: KeyEventState(0x0) }
[2m2025-07-27T14:03:57.684247+09:00[0m [34mDEBUG[0m [2mblueline::repl::commands[0m[2m:[0m Processing key event in registry: KeyEvent { code: Char('e'), modifiers: KeyModifiers(0x0), kind: Press, state: KeyEventState(0x0) }
[2m2025-07-27T14:03:57.684256+09:00[0m [34mDEBUG[0m [2mblueline::repl::commands[0m[2m:[0m Found relevant command: InsertChar
[2m2025-07-27T14:03:57.684261+09:00[0m [34mDEBUG[0m [2mblueline::repl::controller[0m[2m:[0m Command events generated: [TextInsertRequested { text: "e", position: LogicalPosition { line: 0, column: 1 } }]
[2m2025-07-27T14:03:57.774390+09:00[0m [34mDEBUG[0m [2mblueline::repl::controller[0m[2m:[0m Received key event: KeyEvent { code: Char('t'), modifiers: KeyModifiers(0x0), kind: Press, state: KeyEventState(0x0) }
[2m2025-07-27T14:03:57.774441+09:00[0m [34mDEBUG[0m [2mblueline::repl::commands[0m[2m:[0m Processing key event in registry: KeyEvent { code: Char('t'), modifiers: KeyModifiers(0x0), kind: Press, state: KeyEventState(0x0) }
[2m2025-07-27T14:03:57.774449+09:00[0m [34mDEBUG[0m [2mblueline::repl::commands[0m[2m:[0m Found relevant command: InsertChar
[2m2025-07-27T14:03:57.774455+09:00[0m [34mDEBUG[0m [2mblueline::repl::controller[0m[2m:[0m Command events generated: [TextInsertRequested { text: "t", position: LogicalPosition { line: 0, column: 2 } }]
[2m2025-07-27T14:03:57.882781+09:00[0m [34mDEBUG[0m [2mblueline::repl::controller[0m[2m:[0m Received key event: KeyEvent { code: Char(' '), modifiers: KeyModifiers(0x0), kind: Press, state: KeyEventState(0x0) }
[2m2025-07-27T14:03:57.882881+09:00[0m [34mDEBUG[0m [2mblueline::repl::commands[0m[2m:[0m Processing key event in registry: KeyEvent { code: Char(' '), modifiers: KeyModifiers(0x0), kind: Press, state: KeyEventState(0x0) }
[2m2025-07-27T14:03:57.882918+09:00[0m [34mDEBUG[0m [2mblueline::repl::commands[0m[2m:[0m Found relevant command: InsertChar
[2m2025-07-27T14:03:57.882942+09:00[0m [34mDEBUG[0m [2mblueline::repl::controller[0m[2m:[0m Command events generated: [TextInsertRequested { text: " ", position: LogicalPosition { line: 0, column: 3 } }]
[2m2025-07-27T14:03:58.378376+09:00[0m [34mDEBUG[0m [2mblueline::repl::controller[0m[2m:[0m Received key event: KeyEvent { code: Char('/'), modifiers: KeyModifiers(0x0), kind: Press, state: KeyEventState(0x0) }
[2m2025-07-27T14:03:58.378505+09:00[0m [34mDEBUG[0m [2mblueline::repl::commands[0m[2m:[0m Processing key event in registry: KeyEvent { code: Char('/'), modifiers: KeyModifiers(0x0), kind: Press, state: KeyEventState(0x0) }
[2m2025-07-27T14:03:58.378600+09:00[0m [34mDEBUG[0m [2mblueline::repl::commands[0m[2m:[0m Found relevant command: InsertChar
[2m2025-07-27T14:03:58.378639+09:00[0m [34mDEBUG[0m [2mblueline::repl::controller[0m[2m:[0m Command events generated: [TextInsertRequested { text: "/", position: LogicalPosition { line: 0, column: 4 } }]
[2m2025-07-27T14:03:59.327808+09:00[0m [34mDEBUG[0m [2mblueline::repl::controller[0m[2m:[0m Received key event: KeyEvent { code: Char('_'), modifiers: KeyModifiers(0x0), kind: Press, state: KeyEventState(0x0) }
[2m2025-07-27T14:03:59.328106+09:00[0m [34mDEBUG[0m [2mblueline::repl::commands[0m[2m:[0m Processing key event in registry: KeyEvent { code: Char('_'), modifiers: KeyModifiers(0x0), kind: Press, state: KeyEventState(0x0) }
[2m2025-07-27T14:03:59.328181+09:00[0m [34mDEBUG[0m [2mblueline::repl::commands[0m[2m:[0m Found relevant command: InsertChar
[2m2025-07-27T14:03:59.328227+09:00[0m [34mDEBUG[0m [2mblueline::repl::controller[0m[2m:[0m Command events generated: [TextInsertRequested { text: "_", position: LogicalPosition { line: 0, column: 5 } }]
[2m2025-07-27T14:03:59.597634+09:00[0m [34mDEBUG[0m [2mblueline::repl::controller[0m[2m:[0m Received key event: KeyEvent { code: Char('s'), modifiers: KeyModifiers(0x0), kind: Press, state: KeyEventState(0x0) }
[2m2025-07-27T14:03:59.597805+09:00[0m [34mDEBUG[0m [2mblueline::repl::commands[0m[2m:[0m Processing key event in registry: KeyEvent { code: Char('s'), modifiers: KeyModifiers(0x0), kind: Press, state: KeyEventState(0x0) }
[2m2025-07-27T14:03:59.597857+09:00[0m [34mDEBUG[0m [2mblueline::repl::commands[0m[2m:[0m Found relevant command: InsertChar
[2m2025-07-27T14:03:59.597886+09:00[0m [34mDEBUG[0m [2mblueline::repl::controller[0m[2m:[0m Command events generated: [TextInsertRequested { text: "s", position: LogicalPosition { line: 0, column: 6 } }]
[2m2025-07-27T14:03:59.656986+09:00[0m [34mDEBUG[0m [2mblueline::repl::controller[0m[2m:[0m Received key event: KeyEvent { code: Char('e'), modifiers: KeyModifiers(0x0), kind: Press, state: KeyEventState(0x0) }
[2m2025-07-27T14:03:59.657159+09:00[0m [34mDEBUG[0m [2mblueline::repl::commands[0m[2m:[0m Processing key event in registry: KeyEvent { code: Char('e'), modifiers: KeyModifiers(0x0), kind: Press, state: KeyEventState(0x0) }
[2m2025-07-27T14:03:59.657212+09:00[0m [34mDEBUG[0m [2mblueline::repl::commands[0m[2m:[0m Found relevant command: InsertChar
[2m2025-07-27T14:03:59.657241+09:00[0m [34mDEBUG[0m [2mblueline::repl::controller[0m[2m:[0m Command events generated: [TextInsertRequested { text: "e", position: LogicalPosition { line: 0, column: 7 } }]
[2m2025-07-27T14:03:59.786969+09:00[0m [34mDEBUG[0m [2mblueline::repl::controller[0m[2m:[0m Received key event: KeyEvent { code: Char('a'), modifiers: KeyModifiers(0x0), kind: Press, state: KeyEventState(0x0) }
[2m2025-07-27T14:03:59.787128+09:00[0m [34mDEBUG[0m [2mblueline::repl::commands[0m[2m:[0m Processing key event in registry: KeyEvent { code: Char('a'), modifiers: KeyModifiers(0x0), kind: Press, state: KeyEventState(0x0) }
[2m2025-07-27T14:03:59.787153+09:00[0m [34mDEBUG[0m [2mblueline::repl::commands[0m[2m:[0m Found relevant command: InsertChar
[2m2025-07-27T14:03:59.787170+09:00[0m [34mDEBUG[0m [2mblueline::repl::controller[0m[2m:[0m Command events generated: [TextInsertRequested { text: "a", position: LogicalPosition { line: 0, column: 8 } }]
[2m2025-07-27T14:03:59.862280+09:00[0m [34mDEBUG[0m [2mblueline::repl::controller[0m[2m:[0m Received key event: KeyEvent { code: Char('r'), modifiers: KeyModifiers(0x0), kind: Press, state: KeyEventState(0x0) }
[2m2025-07-27T14:03:59.862424+09:00[0m [34mDEBUG[0m [2mblueline::repl::commands[0m[2m:[0m Processing key event in registry: KeyEvent { code: Char('r'), modifiers: KeyModifiers(0x0), kind: Press, state: KeyEventState(0x0) }
[2m2025-07-27T14:03:59.862490+09:00[0m [34mDEBUG[0m [2mblueline::repl::commands[0m[2m:[0m Found relevant command: InsertChar
[2m2025-07-27T14:03:59.862531+09:00[0m [34mDEBUG[0m [2mblueline::repl::controller[0m[2m:[0m Command events generated: [TextInsertRequested { text: "r", position: LogicalPosition { line: 0, column: 9 } }]
[2m2025-07-27T14:04:00.069614+09:00[0m [34mDEBUG[0m [2mblueline::repl::controller[0m[2m:[0m Received key event: KeyEvent { code: Char('c'), modifiers: KeyModifiers(0x0), kind: Press, state: KeyEventState(0x0) }
[2m2025-07-27T14:04:00.069698+09:00[0m [34mDEBUG[0m [2mblueline::repl::commands[0m[2m:[0m Processing key event in registry: KeyEvent { code: Char('c'), modifiers: KeyModifiers(0x0), kind: Press, state: KeyEventState(0x0) }
[2m2025-07-27T14:04:00.069711+09:00[0m [34mDEBUG[0m [2mblueline::repl::commands[0m[2m:[0m Found relevant command: InsertChar
[2m2025-07-27T14:04:00.069718+09:00[0m [34mDEBUG[0m [2mblueline::repl::controller[0m[2m:[0m Command events generated: [TextInsertRequested { text: "c", position: LogicalPosition { line: 0, column: 10 } }]
[2m2025-07-27T14:04:00.240937+09:00[0m [34mDEBUG[0m [2mblueline::repl::controller[0m[2m:[0m Received key event: KeyEvent { code: Char('h'), modifiers: KeyModifiers(0x0), kind: Press, state: KeyEventState(0x0) }
[2m2025-07-27T14:04:00.241090+09:00[0m [34mDEBUG[0m [2mblueline::repl::commands[0m[2m:[0m Processing key event in registry: KeyEvent { code: Char('h'), modifiers: KeyModifiers(0x0), kind: Press, state: KeyEventState(0x0) }
[2m2025-07-27T14:04:00.241145+09:00[0m [34mDEBUG[0m [2mblueline::repl::commands[0m[2m:[0m Found relevant command: InsertChar
[2m2025-07-27T14:04:00.241177+09:00[0m [34mDEBUG[0m [2mblueline::repl::controller[0m[2m:[0m Command events generated: [TextInsertRequested { text: "h", position: LogicalPosition { line: 0, column: 11 } }]
[2m2025-07-27T14:04:00.497453+09:00[0m [34mDEBUG[0m [2mblueline::repl::controller[0m[2m:[0m Received key event: KeyEvent { code: Char('?'), modifiers: KeyModifiers(0x0), kind: Press, state: KeyEventState(0x0) }
[2m2025-07-27T14:04:00.497823+09:00[0m [34mDEBUG[0m [2mblueline::repl::commands[0m[2m:[0m Processing key event in registry: KeyEvent { code: Char('?'), modifiers: KeyModifiers(0x0), kind: Press, state: KeyEventState(0x0) }
[2m2025-07-27T14:04:00.497880+09:00[0m [34mDEBUG[0m [2mblueline::repl::commands[0m[2m:[0m Found relevant command: InsertChar
[2m2025-07-27T14:04:00.497911+09:00[0m [34mDEBUG[0m [2mblueline::repl::controller[0m[2m:[0m Command events generated: [TextInsertRequested { text: "?", position: LogicalPosition { line: 0, column: 12 } }]
[2m2025-07-27T14:04:01.023133+09:00[0m [34mDEBUG[0m [2mblueline::repl::controller[0m[2m:[0m Received key event: KeyEvent { code: Char('p'), modifiers: KeyModifiers(0x0), kind: Press, state: KeyEventState(0x0) }
[2m2025-07-27T14:04:01.023308+09:00[0m [34mDEBUG[0m [2mblueline::repl::commands[0m[2m:[0m Processing key event in registry: KeyEvent { code: Char('p'), modifiers: KeyModifiers(0x0), kind: Press, state: KeyEventState(0x0) }
[2m2025-07-27T14:04:01.023360+09:00[0m [34mDEBUG[0m [2mblueline::repl::commands[0m[2m:[0m Found relevant command: InsertChar
[2m2025-07-27T14:04:01.023393+09:00[0m [34mDEBUG[0m [2mblueline::repl::controller[0m[2m:[0m Command events generated: [TextInsertRequested { text: "p", position: LogicalPosition { line: 0, column: 13 } }]
[2m2025-07-27T14:04:01.128409+09:00[0m [34mDEBUG[0m [2mblueline::repl::controller[0m[2m:[0m Received key event: KeyEvent { code: Char('r'), modifiers: KeyModifiers(0x0), kind: Press, state: KeyEventState(0x0) }
[2m2025-07-27T14:04:01.128572+09:00[0m [34mDEBUG[0m [2mblueline::repl::commands[0m[2m:[0m Processing key event in registry: KeyEvent { code: Char('r'), modifiers: KeyModifiers(0x0), kind: Press, state: KeyEventState(0x0) }
[2m2025-07-27T14:04:01.128620+09:00[0m [34mDEBUG[0m [2mblueline::repl::commands[0m[2m:[0m Found relevant command: InsertChar
[2m2025-07-27T14:04:01.128648+09:00[0m [34mDEBUG[0m [2mblueline::repl::controller[0m[2m:[0m Command events generated: [TextInsertRequested { text: "r", position: LogicalPosition { line: 0, column: 14 } }]
[2m2025-07-27T14:04:01.199900+09:00[0m [34mDEBUG[0m [2mblueline::repl::controller[0m[2m:[0m Received key event: KeyEvent { code: Char('e'), modifiers: KeyModifiers(0x0), kind: Press, state: KeyEventState(0x0) }
[2m2025-07-27T14:04:01.200063+09:00[0m [34mDEBUG[0m [2mblueline::repl::commands[0m[2m:[0m Processing key event in registry: KeyEvent { code: Char('e'), modifiers: KeyModifiers(0x0), kind: Press, state: KeyEventState(0x0) }
[2m2025-07-27T14:04:01.200111+09:00[0m [34mDEBUG[0m [2mblueline::repl::commands[0m[2m:[0m Found relevant command: InsertChar
[2m2025-07-27T14:04:01.200139+09:00[0m [34mDEBUG[0m [2mblueline::repl::controller[0m[2m:[0m Command events generated: [TextInsertRequested { text: "e", position: LogicalPosition { line: 0, column: 15 } }]
[2m2025-07-27T14:04:01.350239+09:00[0m [34mDEBUG[0m [2mblueline::repl::controller[0m[2m:[0m Received key event: KeyEvent { code: Char('t'), modifiers: KeyModifiers(0x0), kind: Press, state: KeyEventState(0x0) }
[2m2025-07-27T14:04:01.350379+09:00[0m [34mDEBUG[0m [2mblueline::repl::commands[0m[2m:[0m Processing key event in registry: KeyEvent { code: Char('t'), modifiers: KeyModifiers(0x0), kind: Press, state: KeyEventState(0x0) }
[2m2025-07-27T14:04:01.350428+09:00[0m [34mDEBUG[0m [2mblueline::repl::commands[0m[2m:[0m Found relevant command: InsertChar
[2m2025-07-27T14:04:01.350457+09:00[0m [34mDEBUG[0m [2mblueline::repl::controller[0m[2m:[0m Command events generated: [TextInsertRequested { text: "t", position: LogicalPosition { line: 0, column: 16 } }]
[2m2025-07-27T14:04:01.471639+09:00[0m [34mDEBUG[0m [2mblueline::repl::controller[0m[2m:[0m Received key event: KeyEvent { code: Char('t'), modifiers: KeyModifiers(0x0), kind: Press, state: KeyEventState(0x0) }
[2m2025-07-27T14:04:01.471796+09:00[0m [34mDEBUG[0m [2mblueline::repl::commands[0m[2m:[0m Processing key event in registry: KeyEvent { code: Char('t'), modifiers: KeyModifiers(0x0), kind: Press, state: KeyEventState(0x0) }
[2m2025-07-27T14:04:01.471850+09:00[0m [34mDEBUG[0m [2mblueline::repl::commands[0m[2m:[0m Found relevant command: InsertChar
[2m2025-07-27T14:04:01.471882+09:00[0m [34mDEBUG[0m [2mblueline::repl::controller[0m[2m:[0m Command events generated: [TextInsertRequested { text: "t", position: LogicalPosition { line: 0, column: 17 } }]
[2m2025-07-27T14:04:01.621012+09:00[0m [34mDEBUG[0m [2mblueline::repl::controller[0m[2m:[0m Received key event: KeyEvent { code: Char('y'), modifiers: KeyModifiers(0x0), kind: Press, state: KeyEventState(0x0) }
[2m2025-07-27T14:04:01.621171+09:00[0m [34mDEBUG[0m [2mblueline::repl::commands[0m[2m:[0m Processing key event in registry: KeyEvent { code: Char('y'), modifiers: KeyModifiers(0x0), kind: Press, state: KeyEventState(0x0) }
[2m2025-07-27T14:04:01.621218+09:00[0m [34mDEBUG[0m [2mblueline::repl::commands[0m[2m:[0m Found relevant command: InsertChar
[2m2025-07-27T14:04:01.621242+09:00[0m [34mDEBUG[0m [2mblueline::repl::controller[0m[2m:[0m Command events generated: [TextInsertRequested { text: "y", position: LogicalPosition { line: 0, column: 18 } }]
[2m2025-07-27T14:04:02.640633+09:00[0m [34mDEBUG[0m [2mblueline::repl::controller[0m[2m:[0m Received key event: KeyEvent { code: Esc, modifiers: KeyModifiers(0x0), kind: Press, state: KeyEventState(0x0) }
[2m2025-07-27T14:04:02.640932+09:00[0m [34mDEBUG[0m [2mblueline::repl::commands[0m[2m:[0m Processing key event in registry: KeyEvent { code: Esc, modifiers: KeyModifiers(0x0), kind: Press, state: KeyEventState(0x0) }
[2m2025-07-27T14:04:02.640985+09:00[0m [34mDEBUG[0m [2mblueline::repl::commands[0m[2m:[0m Found relevant command: ExitInsertMode
[2m2025-07-27T14:04:02.641012+09:00[0m [34mDEBUG[0m [2mblueline::repl::controller[0m[2m:[0m Command events generated: [ModeChangeRequested { new_mode: Normal }]
[2m2025-07-27T14:04:03.267971+09:00[0m [34mDEBUG[0m [2mblueline::repl::controller[0m[2m:[0m Received key event: KeyEvent { code: Enter, modifiers: KeyModifiers(0x0), kind: Press, state: KeyEventState(0x0) }
[2m2025-07-27T14:04:03.268177+09:00[0m [34mDEBUG[0m [2mblueline::repl::commands[0m[2m:[0m Processing key event in registry: KeyEvent { code: Enter, modifiers: KeyModifiers(0x0), kind: Press, state: KeyEventState(0x0) }
[2m2025-07-27T14:04:03.268243+09:00[0m [34mDEBUG[0m [2mblueline::repl::commands[0m[2m:[0m Found relevant command: ExecuteRequest
[2m2025-07-27T14:04:03.274116+09:00[0m [34mDEBUG[0m [2mblueline::repl::controller[0m[2m:[0m Command events generated: [HttpRequestRequested { method: "GET", url: "/_search?pretty", headers: [], body: None }]
[2m2025-07-27T14:04:04.961625+09:00[0m [34mDEBUG[0m [2mblueline::repl::controller[0m[2m:[0m Received key event: KeyEvent { code: Char('h'), modifiers: KeyModifiers(0x0), kind: Press, state: KeyEventState(0x0) }
[2m2025-07-27T14:04:04.965303+09:00[0m [34mDEBUG[0m [2mblueline::repl::commands[0m[2m:[0m Processing key event in registry: KeyEvent { code: Char('h'), modifiers: KeyModifiers(0x0), kind: Press, state: KeyEventState(0x0) }
[2m2025-07-27T14:04:04.965379+09:00[0m [34mDEBUG[0m [2mblueline::repl::commands[0m[2m:[0m Found relevant command: MoveCursorLeft
[2m2025-07-27T14:04:04.965406+09:00[0m [34mDEBUG[0m [2mblueline::repl::controller[0m[2m:[0m Command events generated: [CursorMoveRequested { direction: Left, amount: 1 }]
[2m2025-07-27T14:04:05.185373+09:00[0m [34mDEBUG[0m [2mblueline::repl::controller[0m[2m:[0m Received key event: KeyEvent { code: Char('h'), modifiers: KeyModifiers(0x0), kind: Press, state: KeyEventState(0x0) }
[2m2025-07-27T14:04:05.187812+09:00[0m [34mDEBUG[0m [2mblueline::repl::commands[0m[2m:[0m Processing key event in registry: KeyEvent { code: Char('h'), modifiers: KeyModifiers(0x0), kind: Press, state: KeyEventState(0x0) }
[2m2025-07-27T14:04:05.187852+09:00[0m [34mDEBUG[0m [2mblueline::repl::commands[0m[2m:[0m Found relevant command: MoveCursorLeft
[2m2025-07-27T14:04:05.187869+09:00[0m [34mDEBUG[0m [2mblueline::repl::controller[0m[2m:[0m Command events generated: [CursorMoveRequested { direction: Left, amount: 1 }]
[2m2025-07-27T14:04:05.375135+09:00[0m [34mDEBUG[0m [2mblueline::repl::controller[0m[2m:[0m Received key event: KeyEvent { code: Char('h'), modifiers: KeyModifiers(0x0), kind: Press, state: KeyEventState(0x0) }
[2m2025-07-27T14:04:05.378178+09:00[0m [34mDEBUG[0m [2mblueline::repl::commands[0m[2m:[0m Processing key event in registry: KeyEvent { code: Char('h'), modifiers: KeyModifiers(0x0), kind: Press, state: KeyEventState(0x0) }
[2m2025-07-27T14:04:05.378266+09:00[0m [34mDEBUG[0m [2mblueline::repl::commands[0m[2m:[0m Found relevant command: MoveCursorLeft
[2m2025-07-27T14:04:05.378288+09:00[0m [34mDEBUG[0m [2mblueline::repl::controller[0m[2m:[0m Command events generated: [CursorMoveRequested { direction: Left, amount: 1 }]
[2m2025-07-27T14:04:05.535237+09:00[0m [34mDEBUG[0m [2mblueline::repl::controller[0m[2m:[0m Received key event: KeyEvent { code: Char('h'), modifiers: KeyModifiers(0x0), kind: Press, state: KeyEventState(0x0) }
[2m2025-07-27T14:04:05.537659+09:00[0m [34mDEBUG[0m [2mblueline::repl::commands[0m[2m:[0m Processing key event in registry: KeyEvent { code: Char('h'), modifiers: KeyModifiers(0x0), kind: Press, state: KeyEventState(0x0) }
[2m2025-07-27T14:04:05.537711+09:00[0m [34mDEBUG[0m [2mblueline::repl::commands[0m[2m:[0m Found relevant command: MoveCursorLeft
[2m2025-07-27T14:04:05.537732+09:00[0m [34mDEBUG[0m [2mblueline::repl::controller[0m[2m:[0m Command events generated: [CursorMoveRequested { direction: Left, amount: 1 }]
[2m2025-07-27T14:04:05.685887+09:00[0m [34mDEBUG[0m [2mblueline::repl::controller[0m[2m:[0m Received key event: KeyEvent { code: Char('h'), modifiers: KeyModifiers(0x0), kind: Press, state: KeyEventState(0x0) }
[2m2025-07-27T14:04:05.688577+09:00[0m [34mDEBUG[0m [2mblueline::repl::commands[0m[2m:[0m Processing key event in registry: KeyEvent { code: Char('h'), modifiers: KeyModifiers(0x0), kind: Press, state: KeyEventState(0x0) }
[2m2025-07-27T14:04:05.688659+09:00[0m [34mDEBUG[0m [2mblueline::repl::commands[0m[2m:[0m Found relevant command: MoveCursorLeft
[2m2025-07-27T14:04:05.688689+09:00[0m [34mDEBUG[0m [2mblueline::repl::controller[0m[2m:[0m Command events generated: [CursorMoveRequested { direction: Left, amount: 1 }]
[2m2025-07-27T14:04:05.840338+09:00[0m [34mDEBUG[0m [2mblueline::repl::controller[0m[2m:[0m Received key event: KeyEvent { code: Char('h'), modifiers: KeyModifiers(0x0), kind: Press, state: KeyEventState(0x0) }
[2m2025-07-27T14:04:05.843304+09:00[0m [34mDEBUG[0m [2mblueline::repl::commands[0m[2m:[0m Processing key event in registry: KeyEvent { code: Char('h'), modifiers: KeyModifiers(0x0), kind: Press, state: KeyEventState(0x0) }
[2m2025-07-27T14:04:05.843381+09:00[0m [34mDEBUG[0m [2mblueline::repl::commands[0m[2m:[0m Found relevant command: MoveCursorLeft
[2m2025-07-27T14:04:05.843408+09:00[0m [34mDEBUG[0m [2mblueline::repl::controller[0m[2m:[0m Command events generated: [CursorMoveRequested { direction: Left, amount: 1 }]
[2m2025-07-27T14:04:06.001881+09:00[0m [34mDEBUG[0m [2mblueline::repl::controller[0m[2m:[0m Received key event: KeyEvent { code: Char('h'), modifiers: KeyModifiers(0x0), kind: Press, state: KeyEventState(0x0) }
[2m2025-07-27T14:04:06.004797+09:00[0m [34mDEBUG[0m [2mblueline::repl::commands[0m[2m:[0m Processing key event in registry: KeyEvent { code: Char('h'), modifiers: KeyModifiers(0x0), kind: Press, state: KeyEventState(0x0) }
[2m2025-07-27T14:04:06.004871+09:00[0m [34mDEBUG[0m [2mblueline::repl::commands[0m[2m:[0m Found relevant command: MoveCursorLeft
[2m2025-07-27T14:04:06.004895+09:00[0m [34mDEBUG[0m [2mblueline::repl::controller[0m[2m:[0m Command events generated: [CursorMoveRequested { direction: Left, amount: 1 }]
[2m2025-07-27T14:04:06.139004+09:00[0m [34mDEBUG[0m [2mblueline::repl::controller[0m[2m:[0m Received key event: KeyEvent { code: Char('h'), modifiers: KeyModifiers(0x0), kind: Press, state: KeyEventState(0x0) }
[2m2025-07-27T14:04:06.141783+09:00[0m [34mDEBUG[0m [2mblueline::repl::commands[0m[2m:[0m Processing key event in registry: KeyEvent { code: Char('h'), modifiers: KeyModifiers(0x0), kind: Press, state: KeyEventState(0x0) }
[2m2025-07-27T14:04:06.141863+09:00[0m [34mDEBUG[0m [2mblueline::repl::commands[0m[2m:[0m Found relevant command: MoveCursorLeft
[2m2025-07-27T14:04:06.141888+09:00[0m [34mDEBUG[0m [2mblueline::repl::controller[0m[2m:[0m Command events generated: [CursorMoveRequested { direction: Left, amount: 1 }]
[2m2025-07-27T14:04:06.450461+09:00[0m [34mDEBUG[0m [2mblueline::repl::controller[0m[2m:[0m Received key event: KeyEvent { code: Char('A'), modifiers: KeyModifiers(SHIFT), kind: Press, state: KeyEventState(0x0) }
[2m2025-07-27T14:04:06.453103+09:00[0m [34mDEBUG[0m [2mblueline::repl::commands[0m[2m:[0m Processing key event in registry: KeyEvent { code: Char('A'), modifiers: KeyModifiers(SHIFT), kind: Press, state: KeyEventState(0x0) }
[2m2025-07-27T14:04:06.453195+09:00[0m [34mDEBUG[0m [2mblueline::repl::commands[0m[2m:[0m No relevant command found for event: KeyEvent { code: Char('A'), modifiers: KeyModifiers(SHIFT), kind: Press, state: KeyEventState(0x0) }
[2m2025-07-27T14:04:06.453233+09:00[0m [34mDEBUG[0m [2mblueline::repl::controller[0m[2m:[0m Command events generated: []
[2m2025-07-27T14:04:06.960181+09:00[0m [34mDEBUG[0m [2mblueline::repl::controller[0m[2m:[0m Received key event: KeyEvent { code: Char('A'), modifiers: KeyModifiers(SHIFT), kind: Press, state: KeyEventState(0x0) }
[2m2025-07-27T14:04:06.962986+09:00[0m [34mDEBUG[0m [2mblueline::repl::commands[0m[2m:[0m Processing key event in registry: KeyEvent { code: Char('A'), modifiers: KeyModifiers(SHIFT), kind: Press, state: KeyEventState(0x0) }
[2m2025-07-27T14:04:06.963098+09:00[0m [34mDEBUG[0m [2mblueline::repl::commands[0m[2m:[0m No relevant command found for event: KeyEvent { code: Char('A'), modifiers: KeyModifiers(SHIFT), kind: Press, state: KeyEventState(0x0) }
[2m2025-07-27T14:04:06.963134+09:00[0m [34mDEBUG[0m [2mblueline::repl::controller[0m[2m:[0m Command events generated: []
[2m2025-07-27T14:04:07.213682+09:00[0m [34mDEBUG[0m [2mblueline::repl::controller[0m[2m:[0m Received key event: KeyEvent { code: Char('A'), modifiers: KeyModifiers(SHIFT), kind: Press, state: KeyEventState(0x0) }
[2m2025-07-27T14:04:07.216521+09:00[0m [34mDEBUG[0m [2mblueline::repl::commands[0m[2m:[0m Processing key event in registry: KeyEvent { code: Char('A'), modifiers: KeyModifiers(SHIFT), kind: Press, state: KeyEventState(0x0) }
[2m2025-07-27T14:04:07.216636+09:00[0m [34mDEBUG[0m [2mblueline::repl::commands[0m[2m:[0m No relevant command found for event: KeyEvent { code: Char('A'), modifiers: KeyModifiers(SHIFT), kind: Press, state: KeyEventState(0x0) }
[2m2025-07-27T14:04:07.216662+09:00[0m [34mDEBUG[0m [2mblueline::repl::controller[0m[2m:[0m Command events generated: []
[2m2025-07-27T14:04:07.409943+09:00[0m [34mDEBUG[0m [2mblueline::repl::controller[0m[2m:[0m Received key event: KeyEvent { code: Char('A'), modifiers: KeyModifiers(SHIFT), kind: Press, state: KeyEventState(0x0) }
[2m2025-07-27T14:04:07.412824+09:00[0m [34mDEBUG[0m [2mblueline::repl::commands[0m[2m:[0m Processing key event in registry: KeyEvent { code: Char('A'), modifiers: KeyModifiers(SHIFT), kind: Press, state: KeyEventState(0x0) }
[2m2025-07-27T14:04:07.412919+09:00[0m [34mDEBUG[0m [2mblueline::repl::commands[0m[2m:[0m No relevant command found for event: KeyEvent { code: Char('A'), modifiers: KeyModifiers(SHIFT), kind: Press, state: KeyEventState(0x0) }
[2m2025-07-27T14:04:07.412949+09:00[0m [34mDEBUG[0m [2mblueline::repl::controller[0m[2m:[0m Command events generated: []
[2m2025-07-27T14:04:07.623350+09:00[0m [34mDEBUG[0m [2mblueline::repl::controller[0m[2m:[0m Received key event: KeyEvent { code: Char('A'), modifiers: KeyModifiers(SHIFT), kind: Press, state: KeyEventState(0x0) }
[2m2025-07-27T14:04:07.626257+09:00[0m [34mDEBUG[0m [2mblueline::repl::commands[0m[2m:[0m Processing key event in registry: KeyEvent { code: Char('A'), modifiers: KeyModifiers(SHIFT), kind: Press, state: KeyEventState(0x0) }
[2m2025-07-27T14:04:07.626353+09:00[0m [34mDEBUG[0m [2mblueline::repl::commands[0m[2m:[0m No relevant command found for event: KeyEvent { code: Char('A'), modifiers: KeyModifiers(SHIFT), kind: Press, state: KeyEventState(0x0) }
[2m2025-07-27T14:04:07.626385+09:00[0m [34mDEBUG[0m [2mblueline::repl::controller[0m[2m:[0m Command events generated: []
[2m2025-07-27T14:04:07.819185+09:00[0m [34mDEBUG[0m [2mblueline::repl::controller[0m[2m:[0m Received key event: KeyEvent { code: Char('A'), modifiers: KeyModifiers(SHIFT), kind: Press, state: KeyEventState(0x0) }
[2m2025-07-27T14:04:07.821802+09:00[0m [34mDEBUG[0m [2mblueline::repl::commands[0m[2m:[0m Processing key event in registry: KeyEvent { code: Char('A'), modifiers: KeyModifiers(SHIFT), kind: Press, state: KeyEventState(0x0) }
[2m2025-07-27T14:04:07.821876+09:00[0m [34mDEBUG[0m [2mblueline::repl::commands[0m[2m:[0m No relevant command found for event: KeyEvent { code: Char('A'), modifiers: KeyModifiers(SHIFT), kind: Press, state: KeyEventState(0x0) }
[2m2025-07-27T14:04:07.821909+09:00[0m [34mDEBUG[0m [2mblueline::repl::controller[0m[2m:[0m Command events generated: []
[2m2025-07-27T14:04:08.873040+09:00[0m [34mDEBUG[0m [2mblueline::repl::controller[0m[2m:[0m Received key event: KeyEvent { code: Char('c'), modifiers: KeyModifiers(CONTROL), kind: Press, state: KeyEventState(0x0) }
[2m2025-07-27T14:04:08.874045+09:00[0m [34mDEBUG[0m [2mblueline::repl::commands[0m[2m:[0m Processing key event in registry: KeyEvent { code: Char('c'), modifiers: KeyModifiers(CONTROL), kind: Press, state: KeyEventState(0x0) }
[2m2025-07-27T14:04:08.874095+09:00[0m [34mDEBUG[0m [2mblueline::repl::commands[0m[2m:[0m Found relevant command: AppTerminate
[2m2025-07-27T14:04:08.874104+09:00[0m [34mDEBUG[0m [2mblueline::repl::controller[0m[2m:[0m Command events generated: [QuitRequested]
